<?xml version="1.0" encoding="UTF-8"?>
<testsuite name="scripts.Forms_Tests" tests="1" skipped="0" failures="0" errors="0" timestamp="2025-01-16T16:33:13" hostname="360NDCLP434" time="40.729">
  <properties/>
  <testcase name="formsPageTest" classname="scripts.Forms_Tests" time="40.729"/>
  <system-out><![CDATA[Closing WebDriver instance.
]]></system-out>
  <system-err><![CDATA[Jan 16, 2025 10:03:12 PM org.openqa.selenium.devtools.CdpVersionFinder findNearestMatch
WARNING: Unable to find CDP implementation matching 132
Jan 16, 2025 10:03:12 PM org.openqa.selenium.chromium.ChromiumDriver lambda$new$5
WARNING: Unable to find version of CDP to use for 132.0.6834.84. You may need to include a dependency on a specific version of the CDP using something similar to `org.seleniumhq.selenium:selenium-devtools-v86:4.21.0` where the version ("v86") matches the version of the chromium-based browser you're using and the version number of the artifact is the same as Selenium's.
]]></system-err>
</testsuite>
